<?xml version="1.0" encoding="UTF-8"?>
<!-- Generated by org.testng.reporters.JUnitXMLReporter -->
<testsuite hostname="EQ-EQ6330754" ignored="0" name="Test5" tests="3" failures="2" timestamp="19 May 2021 11:49:20 GMT" time="1320.602" errors="0">
  <testcase name="createGoldOrder" time="1021.821" classname="TestCases.BVPNVmiDistributorCreationOrderSaltoTestCase"/>
  <testcase name="CaseCompletion" time="263.252" classname="TestCases.BVPNVmiDistributorCreationOrderSaltoTestCase">
    <failure type="org.openqa.selenium.NoSuchElementException" message="Unable to locate element: Validate With End User
For documentation on this error, please visit: http://seleniumhq.org/exceptions/no_such_element.html
Build info: version: &amp;apos;3.10.0&amp;apos;, revision: &amp;apos;176b4a9&amp;apos;, time: &amp;apos;2018-03-02T19:03:16.397Z&amp;apos;
System info: host: &amp;apos;EQ-EQ6330754&amp;apos;, ip: &amp;apos;10.238.160.7&amp;apos;, os.name: &amp;apos;Windows 10&amp;apos;, os.arch: &amp;apos;amd64&amp;apos;, os.version: &amp;apos;10.0&amp;apos;, java.version: &amp;apos;1.8.0_131&amp;apos;
Driver info: org.openqa.selenium.firefox.FirefoxDriver
Capabilities {acceptInsecureCerts: true, browserName: firefox, browserVersion: 78.10.0, javascriptEnabled: true, moz:accessibilityChecks: false, moz:buildID: 20210412162915, moz:geckodriverVersion: 0.24.0, moz:headless: false, moz:processID: 19204, moz:profile: C:\Users\MGHQ1353\AppData\L..., moz:shutdownTimeout: 60000, moz:useNonSpecCompliantPointerOrigin: false, moz:webdriverClick: true, pageLoadStrategy: normal, platform: WINDOWS, platformName: WINDOWS, platformVersion: 10.0, rotatable: false, setWindowRect: true, strictFileInteractability: false, timeouts: {implicit: 0, pageLoad: 300000, script: 30000}, unhandledPromptBehavior: dismiss and notify}
Session ID: 72b1c6b2-503a-483d-9756-412d8c3d7504
*** Element info: {Using=link text, value=Validate With End User}">
      <![CDATA[org.openqa.selenium.NoSuchElementException: Unable to locate element: Validate With End User
For documentation on this error, please visit: http://seleniumhq.org/exceptions/no_such_element.html
Build info: version: '3.10.0', revision: '176b4a9', time: '2018-03-02T19:03:16.397Z'
System info: host: 'EQ-EQ6330754', ip: '10.238.160.7', os.name: 'Windows 10', os.arch: 'amd64', os.version: '10.0', java.version: '1.8.0_131'
Driver info: org.openqa.selenium.firefox.FirefoxDriver
Capabilities {acceptInsecureCerts: true, browserName: firefox, browserVersion: 78.10.0, javascriptEnabled: true, moz:accessibilityChecks: false, moz:buildID: 20210412162915, moz:geckodriverVersion: 0.24.0, moz:headless: false, moz:processID: 19204, moz:profile: C:\Users\MGHQ1353\AppData\L..., moz:shutdownTimeout: 60000, moz:useNonSpecCompliantPointerOrigin: false, moz:webdriverClick: true, pageLoadStrategy: normal, platform: WINDOWS, platformName: WINDOWS, platformVersion: 10.0, rotatable: false, setWindowRect: true, strictFileInteractability: false, timeouts: {implicit: 0, pageLoad: 300000, script: 30000}, unhandledPromptBehavior: dismiss and notify}
Session ID: 72b1c6b2-503a-483d-9756-412d8c3d7504
*** Element info: {Using=link text, value=Validate With End User}
at org.openqa.selenium.remote.http.W3CHttpResponseCodec.createException(W3CHttpResponseCodec.java:187)
at org.openqa.selenium.remote.http.W3CHttpResponseCodec.decode(W3CHttpResponseCodec.java:122)
at org.openqa.selenium.remote.http.W3CHttpResponseCodec.decode(W3CHttpResponseCodec.java:49)
at org.openqa.selenium.remote.HttpCommandExecutor.execute(HttpCommandExecutor.java:160)
at org.openqa.selenium.remote.service.DriverCommandExecutor.execute(DriverCommandExecutor.java:83)
at org.openqa.selenium.remote.RemoteWebDriver.execute(RemoteWebDriver.java:601)
at org.openqa.selenium.remote.RemoteWebDriver.findElement(RemoteWebDriver.java:371)
at org.openqa.selenium.remote.RemoteWebDriver.findElementByLinkText(RemoteWebDriver.java:425)
at org.openqa.selenium.By$ByLinkText.findElement(By.java:246)
at org.openqa.selenium.remote.RemoteWebDriver.findElement(RemoteWebDriver.java:363)
at org.openqa.selenium.support.events.EventFiringWebDriver.lambda$new$1(EventFiringWebDriver.java:103)
at com.sun.proxy.$Proxy9.findElement(Unknown Source)
at org.openqa.selenium.support.events.EventFiringWebDriver.findElement(EventFiringWebDriver.java:186)
at org.openqa.selenium.support.pagefactory.DefaultElementLocator.findElement(DefaultElementLocator.java:69)
at org.openqa.selenium.support.pagefactory.internal.LocatingElementHandler.invoke(LocatingElementHandler.java:38)
at com.sun.proxy.$Proxy13.click(Unknown Source)
at salto.Util.ReusableMethods.click(ReusableMethods.java:98)
at salto.Pages.TechnicalTasks.validateWithEndUser(TechnicalTasks.java:382)
at TestCases.BVPNVmiDistributorCreationOrderSaltoTestCase.CaseCompletion(BVPNVmiDistributorCreationOrderSaltoTestCase.java:235)
... Removed 32 stack frames]]>
    </failure>
  </testcase> <!-- CaseCompletion -->
  <testcase name="checkAcceptanceStatusInGold" time="30.55" classname="TestCases.BVPNVmiDistributorCreationOrderSaltoTestCase">
    <failure type="java.lang.AssertionError" message="expected [Acceptance] but found [Release]">
      <![CDATA[java.lang.AssertionError: expected [Acceptance] but found [Release]
at salto.Pages.GoldOrderPage.statusCheck(GoldOrderPage.java:535)
at TestCases.BVPNVmiDistributorCreationOrderSaltoTestCase.checkAcceptanceStatusInGold(BVPNVmiDistributorCreationOrderSaltoTestCase.java:344)
... Removed 31 stack frames]]>
    </failure>
  </testcase> <!-- checkAcceptanceStatusInGold -->
</testsuite> <!-- Test5 -->
