<?xml version="1.0" encoding="UTF-8"?>
<!-- Generated by org.testng.reporters.JUnitXMLReporter -->
<testsuite hostname="EQ-EQ6330754" ignored="0" name="Test4" tests="1" failures="1" timestamp="02 Jul 2021 12:22:38 GMT" time="132.484" errors="0">
  <testcase name="CaseCompletionOffnetDirect" time="128.783" classname="TestCases.BVPNOffnetDirectCreationOrderSaltoTestCase">
    <failure type="org.openqa.selenium.ElementNotInteractableException" message="Element &amp;lt;a class=&amp;quot;iconInsert&amp;quot; href=&amp;quot;&amp;quot; name=&amp;quot;BOM_DevicePattern2_pyWorkPage_80&amp;quot;&amp;gt; could not be scrolled into view
Build info: version: &amp;apos;3.10.0&amp;apos;, revision: &amp;apos;176b4a9&amp;apos;, time: &amp;apos;2018-03-02T19:03:16.397Z&amp;apos;
System info: host: &amp;apos;EQ-EQ6330754&amp;apos;, ip: &amp;apos;10.238.163.76&amp;apos;, os.name: &amp;apos;Windows 10&amp;apos;, os.arch: &amp;apos;amd64&amp;apos;, os.version: &amp;apos;10.0&amp;apos;, java.version: &amp;apos;1.8.0_131&amp;apos;
Driver info: org.openqa.selenium.firefox.FirefoxDriver
Capabilities {acceptInsecureCerts: true, browserName: firefox, browserVersion: 78.10.0, javascriptEnabled: true, moz:accessibilityChecks: false, moz:buildID: 20210412162915, moz:geckodriverVersion: 0.24.0, moz:headless: false, moz:processID: 19548, moz:profile: C:\Users\MGHQ1353\AppData\L..., moz:shutdownTimeout: 60000, moz:useNonSpecCompliantPointerOrigin: false, moz:webdriverClick: true, pageLoadStrategy: normal, platform: WINDOWS, platformName: WINDOWS, platformVersion: 10.0, rotatable: false, setWindowRect: true, strictFileInteractability: false, timeouts: {implicit: 0, pageLoad: 300000, script: 30000}, unhandledPromptBehavior: dismiss and notify}
Session ID: 964ec3c1-2bcf-4544-98fe-6675e77e0698">
      <![CDATA[org.openqa.selenium.ElementNotInteractableException: Element <a class="iconInsert" href="" name="BOM_DevicePattern2_pyWorkPage_80"> could not be scrolled into view
Build info: version: '3.10.0', revision: '176b4a9', time: '2018-03-02T19:03:16.397Z'
System info: host: 'EQ-EQ6330754', ip: '10.238.163.76', os.name: 'Windows 10', os.arch: 'amd64', os.version: '10.0', java.version: '1.8.0_131'
Driver info: org.openqa.selenium.firefox.FirefoxDriver
Capabilities {acceptInsecureCerts: true, browserName: firefox, browserVersion: 78.10.0, javascriptEnabled: true, moz:accessibilityChecks: false, moz:buildID: 20210412162915, moz:geckodriverVersion: 0.24.0, moz:headless: false, moz:processID: 19548, moz:profile: C:\Users\MGHQ1353\AppData\L..., moz:shutdownTimeout: 60000, moz:useNonSpecCompliantPointerOrigin: false, moz:webdriverClick: true, pageLoadStrategy: normal, platform: WINDOWS, platformName: WINDOWS, platformVersion: 10.0, rotatable: false, setWindowRect: true, strictFileInteractability: false, timeouts: {implicit: 0, pageLoad: 300000, script: 30000}, unhandledPromptBehavior: dismiss and notify}
Session ID: 964ec3c1-2bcf-4544-98fe-6675e77e0698
at org.openqa.selenium.remote.http.W3CHttpResponseCodec.createException(W3CHttpResponseCodec.java:187)
at org.openqa.selenium.remote.http.W3CHttpResponseCodec.decode(W3CHttpResponseCodec.java:122)
at org.openqa.selenium.remote.http.W3CHttpResponseCodec.decode(W3CHttpResponseCodec.java:49)
at org.openqa.selenium.remote.HttpCommandExecutor.execute(HttpCommandExecutor.java:160)
at org.openqa.selenium.remote.service.DriverCommandExecutor.execute(DriverCommandExecutor.java:83)
at org.openqa.selenium.remote.RemoteWebDriver.execute(RemoteWebDriver.java:601)
at org.openqa.selenium.remote.RemoteWebElement.execute(RemoteWebElement.java:279)
at org.openqa.selenium.remote.RemoteWebElement.click(RemoteWebElement.java:83)
at org.openqa.selenium.support.events.EventFiringWebDriver$EventFiringWebElement.lambda$new$0(EventFiringWebDriver.java:368)
at com.sun.proxy.$Proxy14.click(Unknown Source)
at org.openqa.selenium.support.events.EventFiringWebDriver$EventFiringWebElement.click(EventFiringWebDriver.java:380)
at org.openqa.selenium.support.pagefactory.internal.LocatingElementHandler.invoke(LocatingElementHandler.java:51)
at com.sun.proxy.$Proxy13.click(Unknown Source)
at salto.Util.ReusableMethods.click(ReusableMethods.java:98)
at salto.Pages.OrderEquipment.orderEquipmentDirectETE3(OrderEquipment.java:520)
at TestCases.BVPNOffnetDirectCreationOrderSaltoTestCase.CaseCompletionOffnetDirect(BVPNOffnetDirectCreationOrderSaltoTestCase.java:248)
... Removed 37 stack frames]]>
    </failure>
  </testcase> <!-- CaseCompletionOffnetDirect -->
</testsuite> <!-- Test4 -->
